Build started 9/3/2013 6:55:54 PM.
     1>Project "C:\Users\Dark Templar\SkyDrive\A SkyDrive School\Research Project\CUDA\cs344-master\HW1\HW1\HW1.vcxproj" on node 2 (build target(s)).
     1>InitializeBuildStatus:
         Touching "Debug\HW1.unsuccessfulbuild".
       AddCudaCompileDeps:
       Skipping target "AddCudaCompileDeps" because all output files are up-to-date with respect to the input files.
       AddCudaCompileDeps:
       Skipping target "AddCudaCompileDeps" because all output files are up-to-date with respect to the input files.
       AddCudaCompilePropsDeps:
       Skipping target "AddCudaCompilePropsDeps" because all output files are up-to-date with respect to the input files.
       AddCudaCompilePropsDeps:
       Skipping target "AddCudaCompilePropsDeps" because all output files are up-to-date with respect to the input files.
       CudaBuild:
       Skipping target "CudaBuild" because all output files are up-to-date with respect to the input files.
       CudaBuild:
       Skipping target "CudaBuild" because all output files are up-to-date with respect to the input files.
       ClCompile:
         c:\Program Files (x86)\Microsoft Visual Studio 10.0\VC\bin\CL.exe /c /I"C:\Users\Dark Templar\Documents\opencv\include\opencv" /I"C:\Users\Dark Templar\Documents\opencv\include\opencv2" /I"C:\Users\Dark Templar\Documents\opencv\include" /I"C:\Program Files\NVIDIA GPU Computing Toolkit\CUDA\v5.5\include" /ZI /nologo /W3 /WX- /Od /Oy- /D WIN32 /D _DEBUG /D _CONSOLE /D _MBCS /Gm /EHsc /RTC1 /MDd /GS /fp:precise /Zc:wchar_t /Zc:forScope /Fo"Debug\\" /Fd"Debug\vc100.pdb" /Gd /TP /analyze- /errorReport:prompt HW1.cpp main.cpp
         main.cpp
     1>c:\users\dark templar\skydrive\a skydrive school\research project\cuda\cs344-master\hw1\hw1\hw1.cpp(1): fatal error C1083: Cannot open include file: 'opencv2/core/core.hpp': No such file or directory
         HW1.cpp
     1>c:\users\dark templar\skydrive\a skydrive school\research project\cuda\cs344-master\hw1\hw1\hw1.cpp(1): fatal error C1083: Cannot open include file: 'opencv2/core/core.hpp': No such file or directory
         Generating Code...
     1>Done Building Project "C:\Users\Dark Templar\SkyDrive\A SkyDrive School\Research Project\CUDA\cs344-master\HW1\HW1\HW1.vcxproj" (build target(s)) -- FAILED.

Build FAILED.

Time Elapsed 00:00:01.90
